<?xml version="1.0" encoding="UTF-8"?>
<testsuite xmlns:xsi="http://www.w3.org/2001/XMLSchema-instance" xsi:noNamespaceSchemaLocation="https://maven.apache.org/surefire/maven-surefire-plugin/xsd/surefire-test-report.xsd" name="domainapp.modules.simple.integtests.tests.SimpleObject_IntegTest$updateName" time="0.134" tests="2" errors="0" skipped="0" failures="0">
  <properties>
    <property name="sun.desktop" value="windows"/>
    <property name="awt.toolkit" value="sun.awt.windows.WToolkit"/>
    <property name="java.specification.version" value="11"/>
    <property name="sun.cpu.isalist" value="amd64"/>
    <property name="sun.jnu.encoding" value="Cp1252"/>
    <property name="java.class.path" value="C:\Users\hao.s\Documents\localcoin\apache-isis\isis-app-simpleapp-jpa-m7\module-simple-tests\target\test-classes;C:\Users\hao.s\Documents\localcoin\apache-isis\isis-app-simpleapp-jpa-m7\module-simple-tests\target\classes;C:\Users\hao.s\Documents\localcoin\apache-isis\isis-app-simpleapp-jpa-m7\module-simple\target\simpleapp-jpa-module-simple-2.0.0-M7.jar;C:\Users\hao.s\.m2\repository\org\apache\isis\core\isis-applib\2.0.0-M7\isis-applib-2.0.0-M7.jar;C:\Users\hao.s\.m2\repository\com\sun\xml\ws\jaxws-tools\2.3.5\jaxws-tools-2.3.5.jar;C:\Users\hao.s\.m2\repository\com\sun\xml\bind\jaxb-xjc\2.3.5\jaxb-xjc-2.3.5.jar;C:\Users\hao.s\.m2\repository\com\sun\xml\bind\jaxb-jxc\2.3.5\jaxb-jxc-2.3.5.jar;C:\Users\hao.s\.m2\repository\com\sun\xml\ws\jaxws-eclipselink-plugin\2.3.5\jaxws-eclipselink-plugin-2.3.5.jar;C:\Users\hao.s\.m2\repository\com\sun\xml\ws\sdo-eclipselink-plugin\2.3.5\sdo-eclipselink-plugin-2.3.5.jar;C:\Users\hao.s\.m2\repository\jakarta\xml\ws\jakarta.xml.ws-api\2.3.3\jakarta.xml.ws-api-2.3.3.jar;C:\Users\hao.s\.m2\repository\jakarta\xml\soap\jakarta.xml.soap-api\1.4.2\jakarta.xml.soap-api-1.4.2.jar;C:\Users\hao.s\.m2\repository\com\sun\xml\ws\jaxws-rt\2.3.5\jaxws-rt-2.3.5.jar;C:\Users\hao.s\.m2\repository\com\sun\xml\ws\policy\2.7.10\policy-2.7.10.jar;C:\Users\hao.s\.m2\repository\org\glassfish\ha\ha-api\3.1.13\ha-api-3.1.13.jar;C:\Users\hao.s\.m2\repository\org\glassfish\external\management-api\3.2.3\management-api-3.2.3.jar;C:\Users\hao.s\.m2\repository\org\glassfish\gmbal\gmbal-api-only\4.0.3\gmbal-api-only-4.0.3.jar;C:\Users\hao.s\.m2\repository\org\jvnet\staxex\stax-ex\1.8.3\stax-ex-1.8.3.jar;C:\Users\hao.s\.m2\repository\com\sun\xml\stream\buffer\streambuffer\1.5.10\streambuffer-1.5.10.jar;C:\Users\hao.s\.m2\repository\org\jvnet\mimepull\mimepull\1.9.15\mimepull-1.9.15.jar;C:\Users\hao.s\.m2\repository\com\sun\xml\fastinfoset\FastInfoset\1.2.18\FastInfoset-1.2.18.jar;C:\Users\hao.s\.m2\repository\com\sun\activation\jakarta.activation\1.2.2\jakarta.activation-1.2.2.jar;C:\Users\hao.s\.m2\repository\com\sun\mail\jakarta.mail\1.6.7\jakarta.mail-1.6.7.jar;C:\Users\hao.s\.m2\repository\com\sun\xml\messaging\saaj\saaj-impl\1.5.3\saaj-impl-1.5.3.jar;C:\Users\hao.s\.m2\repository\jakarta\jws\jakarta.jws-api\2.1.0\jakarta.jws-api-2.1.0.jar;C:\Users\hao.s\.m2\repository\jakarta\annotation\jakarta.annotation-api\1.3.5\jakarta.annotation-api-1.3.5.jar;C:\Users\hao.s\.m2\repository\com\fasterxml\woodstox\woodstox-core\6.2.8\woodstox-core-6.2.8.jar;C:\Users\hao.s\.m2\repository\org\codehaus\woodstox\stax2-api\4.2.1\stax2-api-4.2.1.jar;C:\Users\hao.s\.m2\repository\org\eclipse\persistence\org.eclipse.persistence.moxy\2.7.10\org.eclipse.persistence.moxy-2.7.10.jar;C:\Users\hao.s\.m2\repository\org\eclipse\persistence\org.eclipse.persistence.sdo\2.7.10\org.eclipse.persistence.sdo-2.7.10.jar;C:\Users\hao.s\.m2\repository\org\eclipse\persistence\commonj.sdo\2.1.1\commonj.sdo-2.1.1.jar;C:\Users\hao.s\.m2\repository\com\sun\xml\bind\jaxb-impl\2.3.6\jaxb-impl-2.3.6.jar;C:\Users\hao.s\.m2\repository\jakarta\platform\jakarta.jakartaee-api\8.0.0\jakarta.jakartaee-api-8.0.0.jar;C:\Users\hao.s\.m2\repository\com\google\code\findbugs\jsr305\3.0.2\jsr305-3.0.2.jar;C:\Users\hao.s\.m2\repository\org\apache\isis\core\isis-schema\2.0.0-M7\isis-schema-2.0.0-M7.jar;C:\Users\hao.s\.m2\repository\org\springframework\spring-context\5.3.16\spring-context-5.3.16.jar;C:\Users\hao.s\.m2\repository\org\springframework\spring-aop\5.3.16\spring-aop-5.3.16.jar;C:\Users\hao.s\.m2\repository\org\springframework\spring-beans\5.3.16\spring-beans-5.3.16.jar;C:\Users\hao.s\.m2\repository\org\springframework\spring-expression\5.3.16\spring-expression-5.3.16.jar;C:\Users\hao.s\.m2\repository\joda-time\joda-time\2.10.13\joda-time-2.10.13.jar;C:\Users\hao.s\.m2\repository\org\apache\isis\persistence\isis-persistence-jpa-eclipselink\2.0.0-M7\isis-persistence-jpa-eclipselink-2.0.0-M7.jar;C:\Users\hao.s\.m2\repository\org\apache\isis\persistence\isis-persistence-jpa-integration\2.0.0-M7\isis-persistence-jpa-integration-2.0.0-M7.jar;C:\Users\hao.s\.m2\repository\org\apache\isis\persistence\isis-persistence-jpa-metamodel\2.0.0-M7\isis-persistence-jpa-metamodel-2.0.0-M7.jar;C:\Users\hao.s\.m2\repository\org\apache\isis\persistence\isis-persistence-jpa-applib\2.0.0-M7\isis-persistence-jpa-applib-2.0.0-M7.jar;C:\Users\hao.s\.m2\repository\org\apache\isis\core\isis-core-runtime\2.0.0-M7\isis-core-runtime-2.0.0-M7.jar;C:\Users\hao.s\.m2\repository\org\apache\isis\core\isis-core-metamodel\2.0.0-M7\isis-core-metamodel-2.0.0-M7.jar;C:\Users\hao.s\.m2\repository\org\apache\isis\core\isis-core-config\2.0.0-M7\isis-core-config-2.0.0-M7.jar;C:\Users\hao.s\.m2\repository\org\hibernate\validator\hibernate-validator\6.2.2.Final\hibernate-validator-6.2.2.Final.jar;C:\Users\hao.s\.m2\repository\jakarta\validation\jakarta.validation-api\2.0.2\jakarta.validation-api-2.0.2.jar;C:\Users\hao.s\.m2\repository\org\jboss\logging\jboss-logging\3.4.3.Final\jboss-logging-3.4.3.Final.jar;C:\Users\hao.s\.m2\repository\com\fasterxml\classmate\1.5.1\classmate-1.5.1.jar;C:\Users\hao.s\.m2\repository\org\apache\isis\core\isis-core-security\2.0.0-M7\isis-core-security-2.0.0-M7.jar;C:\Users\hao.s\.m2\repository\io\swagger\swagger-core\1.6.5\swagger-core-1.6.5.jar;C:\Users\hao.s\.m2\repository\com\fasterxml\jackson\dataformat\jackson-dataformat-yaml\2.13.1\jackson-dataformat-yaml-2.13.1.jar;C:\Users\hao.s\.m2\repository\io\swagger\swagger-models\1.6.5\swagger-models-1.6.5.jar;C:\Users\hao.s\.m2\repository\io\swagger\swagger-annotations\1.6.5\swagger-annotations-1.6.5.jar;C:\Users\hao.s\.m2\repository\org\apache\isis\core\isis-core-transaction\2.0.0-M7\isis-core-transaction-2.0.0-M7.jar;C:\Users\hao.s\.m2\repository\org\apache\isis\core\isis-core-interaction\2.0.0-M7\isis-core-interaction-2.0.0-M7.jar;C:\Users\hao.s\.m2\repository\org\apache\isis\valuetypes\isis-valuetypes-jodatime-integration\2.0.0-M7\isis-valuetypes-jodatime-integration-2.0.0-M7.jar;C:\Users\hao.s\.m2\repository\org\apache\isis\valuetypes\isis-valuetypes-jodatime-applib\2.0.0-M7\isis-valuetypes-jodatime-applib-2.0.0-M7.jar;C:\Users\hao.s\.m2\repository\org\apache\commons\commons-email\1.5\commons-email-1.5.jar;C:\Users\hao.s\.m2\repository\org\springframework\data\spring-data-jpa\2.6.2\spring-data-jpa-2.6.2.jar;C:\Users\hao.s\.m2\repository\org\springframework\data\spring-data-commons\2.6.2\spring-data-commons-2.6.2.jar;C:\Users\hao.s\.m2\repository\org\springframework\spring-orm\5.3.16\spring-orm-5.3.16.jar;C:\Users\hao.s\.m2\repository\org\eclipse\persistence\org.eclipse.persistence.jpa\2.7.10\org.eclipse.persistence.jpa-2.7.10.jar;C:\Users\hao.s\.m2\repository\org\eclipse\persistence\jakarta.persistence\2.2.3\jakarta.persistence-2.2.3.jar;C:\Users\hao.s\.m2\repository\org\eclipse\persistence\org.eclipse.persistence.asm\9.2.0\org.eclipse.persistence.asm-9.2.0.jar;C:\Users\hao.s\.m2\repository\org\eclipse\persistence\org.eclipse.persistence.antlr\2.7.10\org.eclipse.persistence.antlr-2.7.10.jar;C:\Users\hao.s\.m2\repository\org\eclipse\persistence\org.eclipse.persistence.jpa.jpql\2.7.10\org.eclipse.persistence.jpa.jpql-2.7.10.jar;C:\Users\hao.s\.m2\repository\org\eclipse\persistence\org.eclipse.persistence.core\2.7.10\org.eclipse.persistence.core-2.7.10.jar;C:\Users\hao.s\.m2\repository\org\springframework\boot\spring-boot-starter-data-jpa\2.6.4\spring-boot-starter-data-jpa-2.6.4.jar;C:\Users\hao.s\.m2\repository\org\springframework\boot\spring-boot-starter-aop\2.6.4\spring-boot-starter-aop-2.6.4.jar;C:\Users\hao.s\.m2\repository\org\aspectj\aspectjweaver\1.9.7\aspectjweaver-1.9.7.jar;C:\Users\hao.s\.m2\repository\org\springframework\boot\spring-boot-starter-jdbc\2.6.4\spring-boot-starter-jdbc-2.6.4.jar;C:\Users\hao.s\.m2\repository\com\zaxxer\HikariCP\4.0.3\HikariCP-4.0.3.jar;C:\Users\hao.s\.m2\repository\org\springframework\spring-jdbc\5.3.16\spring-jdbc-5.3.16.jar;C:\Users\hao.s\.m2\repository\jakarta\transaction\jakarta.transaction-api\1.3.3\jakarta.transaction-api-1.3.3.jar;C:\Users\hao.s\.m2\repository\jakarta\persistence\jakarta.persistence-api\2.2.3\jakarta.persistence-api-2.2.3.jar;C:\Users\hao.s\.m2\repository\org\springframework\spring-aspects\5.3.16\spring-aspects-5.3.16.jar;C:\Users\hao.s\.m2\repository\org\apache\isis\testing\isis-testing-fixtures-applib\2.0.0-M7\isis-testing-fixtures-applib-2.0.0-M7.jar;C:\Users\hao.s\.m2\repository\org\apache\isis\subdomains\isis-subdomains-spring-applib\2.0.0-M7\isis-subdomains-spring-applib-2.0.0-M7.jar;C:\Users\hao.s\.m2\repository\org\apache\isis\testing\isis-testing-unittestsupport-applib\2.0.0-M7\isis-testing-unittestsupport-applib-2.0.0-M7.jar;C:\Users\hao.s\.m2\repository\org\springframework\boot\spring-boot-starter-test\2.6.4\spring-boot-starter-test-2.6.4.jar;C:\Users\hao.s\.m2\repository\org\springframework\boot\spring-boot-starter\2.6.4\spring-boot-starter-2.6.4.jar;C:\Users\hao.s\.m2\repository\org\springframework\boot\spring-boot\2.6.4\spring-boot-2.6.4.jar;C:\Users\hao.s\.m2\repository\org\springframework\boot\spring-boot-autoconfigure\2.6.4\spring-boot-autoconfigure-2.6.4.jar;C:\Users\hao.s\.m2\repository\org\springframework\boot\spring-boot-test\2.6.4\spring-boot-test-2.6.4.jar;C:\Users\hao.s\.m2\repository\org\springframework\boot\spring-boot-test-autoconfigure\2.6.4\spring-boot-test-autoconfigure-2.6.4.jar;C:\Users\hao.s\.m2\repository\com\jayway\jsonpath\json-path\2.6.0\json-path-2.6.0.jar;C:\Users\hao.s\.m2\repository\net\minidev\json-smart\2.4.8\json-smart-2.4.8.jar;C:\Users\hao.s\.m2\repository\net\minidev\accessors-smart\2.4.8\accessors-smart-2.4.8.jar;C:\Users\hao.s\.m2\repository\jakarta\xml\bind\jakarta.xml.bind-api\2.3.3\jakarta.xml.bind-api-2.3.3.jar;C:\Users\hao.s\.m2\repository\jakarta\activation\jakarta.activation-api\1.2.2\jakarta.activation-api-1.2.2.jar;C:\Users\hao.s\.m2\repository\org\assertj\assertj-core\3.21.0\assertj-core-3.21.0.jar;C:\Users\hao.s\.m2\repository\org\hamcrest\hamcrest\2.2\hamcrest-2.2.jar;C:\Users\hao.s\.m2\repository\org\junit\jupiter\junit-jupiter\5.8.2\junit-jupiter-5.8.2.jar;C:\Users\hao.s\.m2\repository\org\junit\jupiter\junit-jupiter-api\5.8.2\junit-jupiter-api-5.8.2.jar;C:\Users\hao.s\.m2\repository\org\opentest4j\opentest4j\1.2.0\opentest4j-1.2.0.jar;C:\Users\hao.s\.m2\repository\org\junit\platform\junit-platform-commons\1.8.2\junit-platform-commons-1.8.2.jar;C:\Users\hao.s\.m2\repository\org\apiguardian\apiguardian-api\1.1.2\apiguardian-api-1.1.2.jar;C:\Users\hao.s\.m2\repository\org\junit\jupiter\junit-jupiter-params\5.8.2\junit-jupiter-params-5.8.2.jar;C:\Users\hao.s\.m2\repository\org\junit\jupiter\junit-jupiter-engine\5.8.2\junit-jupiter-engine-5.8.2.jar;C:\Users\hao.s\.m2\repository\org\junit\platform\junit-platform-engine\1.8.2\junit-platform-engine-1.8.2.jar;C:\Users\hao.s\.m2\repository\org\mockito\mockito-core\4.0.0\mockito-core-4.0.0.jar;C:\Users\hao.s\.m2\repository\net\bytebuddy\byte-buddy-agent\1.11.22\byte-buddy-agent-1.11.22.jar;C:\Users\hao.s\.m2\repository\org\mockito\mockito-junit-jupiter\4.0.0\mockito-junit-jupiter-4.0.0.jar;C:\Users\hao.s\.m2\repository\org\skyscreamer\jsonassert\1.5.0\jsonassert-1.5.0.jar;C:\Users\hao.s\.m2\repository\com\vaadin\external\google\android-json\0.0.20131108.vaadin1\android-json-0.0.20131108.vaadin1.jar;C:\Users\hao.s\.m2\repository\org\xmlunit\xmlunit-core\2.8.4\xmlunit-core-2.8.4.jar;C:\Users\hao.s\.m2\repository\org\springframework\spring-test\5.3.16\spring-test-5.3.16.jar;C:\Users\hao.s\.m2\repository\org\springframework\spring-core\5.3.16\spring-core-5.3.16.jar;C:\Users\hao.s\.m2\repository\org\springframework\spring-jcl\5.3.16\spring-jcl-5.3.16.jar;C:\Users\hao.s\.m2\repository\org\jmock\jmock\2.12.0\jmock-2.12.0.jar;C:\Users\hao.s\.m2\repository\org\jmock\jmock-testjar\2.12.0\jmock-testjar-2.12.0.jar;C:\Users\hao.s\.m2\repository\com\google\code\findbugs\annotations\3.0.1\annotations-3.0.1.jar;C:\Users\hao.s\.m2\repository\net\jcip\jcip-annotations\1.0\jcip-annotations-1.0.jar;C:\Users\hao.s\.m2\repository\org\apache-extras\beanshell\bsh\2.0b6\bsh-2.0b6.jar;C:\Users\hao.s\.m2\repository\com\approvaltests\approvaltests\13.4.0\approvaltests-13.4.0.jar;C:\Users\hao.s\.m2\repository\com\approvaltests\approvaltests-util\13.4.0\approvaltests-util-13.4.0.jar;C:\Users\hao.s\.m2\repository\org\apache\isis\core\isis-core-codegen-bytebuddy\2.0.0-M7\isis-core-codegen-bytebuddy-2.0.0-M7.jar;C:\Users\hao.s\.m2\repository\net\bytebuddy\byte-buddy\1.11.22\byte-buddy-1.11.22.jar;C:\Users\hao.s\.m2\repository\org\objenesis\objenesis\3.2\objenesis-3.2.jar;C:\Users\hao.s\.m2\repository\org\picocontainer\picocontainer\2.15\picocontainer-2.15.jar;C:\Users\hao.s\.m2\repository\org\slf4j\slf4j-api\1.7.36\slf4j-api-1.7.36.jar;C:\Users\hao.s\.m2\repository\org\apache\isis\testing\isis-testing-fakedata-applib\2.0.0-M7\isis-testing-fakedata-applib-2.0.0-M7.jar;C:\Users\hao.s\.m2\repository\org\apache\isis\commons\isis-commons\2.0.0-M7\isis-commons-2.0.0-M7.jar;C:\Users\hao.s\.m2\repository\com\fasterxml\jackson\core\jackson-databind\2.13.1\jackson-databind-2.13.1.jar;C:\Users\hao.s\.m2\repository\com\fasterxml\jackson\core\jackson-annotations\2.13.1\jackson-annotations-2.13.1.jar;C:\Users\hao.s\.m2\repository\com\fasterxml\jackson\core\jackson-core\2.13.1\jackson-core-2.13.1.jar;C:\Users\hao.s\.m2\repository\com\fasterxml\jackson\module\jackson-module-jaxb-annotations\2.13.1\jackson-module-jaxb-annotations-2.13.1.jar;C:\Users\hao.s\.m2\repository\org\yaml\snakeyaml\1.29\snakeyaml-1.29.jar;C:\Users\hao.s\.m2\repository\org\springframework\spring-tx\5.3.16\spring-tx-5.3.16.jar;C:\Users\hao.s\.m2\repository\org\springframework\boot\spring-boot-starter-log4j2\2.6.4\spring-boot-starter-log4j2-2.6.4.jar;C:\Users\hao.s\.m2\repository\org\apache\logging\log4j\log4j-slf4j-impl\2.17.1\log4j-slf4j-impl-2.17.1.jar;C:\Users\hao.s\.m2\repository\org\apache\logging\log4j\log4j-api\2.17.1\log4j-api-2.17.1.jar;C:\Users\hao.s\.m2\repository\org\apache\logging\log4j\log4j-core\2.17.1\log4j-core-2.17.1.jar;C:\Users\hao.s\.m2\repository\org\apache\logging\log4j\log4j-jul\2.17.1\log4j-jul-2.17.1.jar;C:\Users\hao.s\.m2\repository\org\slf4j\jul-to-slf4j\1.7.36\jul-to-slf4j-1.7.36.jar;C:\Users\hao.s\.m2\repository\com\github\javafaker\javafaker\1.0.2\javafaker-1.0.2.jar;C:\Users\hao.s\.m2\repository\org\apache\commons\commons-lang3\3.12.0\commons-lang3-3.12.0.jar;C:\Users\hao.s\.m2\repository\com\github\mifmif\generex\1.0.2\generex-1.0.2.jar;C:\Users\hao.s\.m2\repository\dk\brics\automaton\automaton\1.11-8\automaton-1.11-8.jar;C:\Users\hao.s\.m2\repository\org\apache\isis\testing\isis-testing-integtestsupport-applib\2.0.0-M7\isis-testing-integtestsupport-applib-2.0.0-M7.jar;C:\Users\hao.s\.m2\repository\org\hamcrest\hamcrest-library\2.2\hamcrest-library-2.2.jar;C:\Users\hao.s\.m2\repository\org\hamcrest\hamcrest-core\2.2\hamcrest-core-2.2.jar;C:\Users\hao.s\.m2\repository\org\apache\isis\security\isis-security-bypass\2.0.0-M7\isis-security-bypass-2.0.0-M7.jar;C:\Users\hao.s\.m2\repository\org\apache\isis\core\isis-core-runtimeservices\2.0.0-M7\isis-core-runtimeservices-2.0.0-M7.jar;C:\Users\hao.s\.m2\repository\org\hsqldb\hsqldb\2.5.2\hsqldb-2.5.2.jar;C:\Users\hao.s\.m2\repository\com\h2database\h2\1.4.200\h2-1.4.200.jar;C:\Users\hao.s\.m2\repository\org\projectlombok\lombok\1.18.22\lombok-1.18.22.jar;"/>
    <property name="java.vm.vendor" value="Azul Systems, Inc."/>
    <property name="sun.arch.data.model" value="64"/>
    <property name="user.variant" value=""/>
    <property name="java.vendor.url" value="http://www.azul.com/"/>
    <property name="user.timezone" value="America/New_York"/>
    <property name="java.vm.specification.version" value="11"/>
    <property name="os.name" value="Windows 10"/>
    <property name="sun.java.launcher" value="SUN_STANDARD"/>
    <property name="user.country" value="US"/>
    <property name="sun.boot.library.path" value="C:\Users\hao.s\.jdks\azul-11.0.13\bin"/>
    <property name="sun.java.command" value="C:\Users\hao.s\AppData\Local\Temp\surefire12341901367810440187\surefirebooter5608338808845316810.jar C:\Users\hao.s\AppData\Local\Temp\surefire12341901367810440187 2022-04-12T20-46-35_924-jvmRun1 surefire4823513529737492114tmp surefire_110057708584322136492tmp"/>
    <property name="jdk.debug" value="release"/>
    <property name="surefire.test.class.path" value="C:\Users\hao.s\Documents\localcoin\apache-isis\isis-app-simpleapp-jpa-m7\module-simple-tests\target\test-classes;C:\Users\hao.s\Documents\localcoin\apache-isis\isis-app-simpleapp-jpa-m7\module-simple-tests\target\classes;C:\Users\hao.s\Documents\localcoin\apache-isis\isis-app-simpleapp-jpa-m7\module-simple\target\simpleapp-jpa-module-simple-2.0.0-M7.jar;C:\Users\hao.s\.m2\repository\org\apache\isis\core\isis-applib\2.0.0-M7\isis-applib-2.0.0-M7.jar;C:\Users\hao.s\.m2\repository\com\sun\xml\ws\jaxws-tools\2.3.5\jaxws-tools-2.3.5.jar;C:\Users\hao.s\.m2\repository\com\sun\xml\bind\jaxb-xjc\2.3.5\jaxb-xjc-2.3.5.jar;C:\Users\hao.s\.m2\repository\com\sun\xml\bind\jaxb-jxc\2.3.5\jaxb-jxc-2.3.5.jar;C:\Users\hao.s\.m2\repository\com\sun\xml\ws\jaxws-eclipselink-plugin\2.3.5\jaxws-eclipselink-plugin-2.3.5.jar;C:\Users\hao.s\.m2\repository\com\sun\xml\ws\sdo-eclipselink-plugin\2.3.5\sdo-eclipselink-plugin-2.3.5.jar;C:\Users\hao.s\.m2\repository\jakarta\xml\ws\jakarta.xml.ws-api\2.3.3\jakarta.xml.ws-api-2.3.3.jar;C:\Users\hao.s\.m2\repository\jakarta\xml\soap\jakarta.xml.soap-api\1.4.2\jakarta.xml.soap-api-1.4.2.jar;C:\Users\hao.s\.m2\repository\com\sun\xml\ws\jaxws-rt\2.3.5\jaxws-rt-2.3.5.jar;C:\Users\hao.s\.m2\repository\com\sun\xml\ws\policy\2.7.10\policy-2.7.10.jar;C:\Users\hao.s\.m2\repository\org\glassfish\ha\ha-api\3.1.13\ha-api-3.1.13.jar;C:\Users\hao.s\.m2\repository\org\glassfish\external\management-api\3.2.3\management-api-3.2.3.jar;C:\Users\hao.s\.m2\repository\org\glassfish\gmbal\gmbal-api-only\4.0.3\gmbal-api-only-4.0.3.jar;C:\Users\hao.s\.m2\repository\org\jvnet\staxex\stax-ex\1.8.3\stax-ex-1.8.3.jar;C:\Users\hao.s\.m2\repository\com\sun\xml\stream\buffer\streambuffer\1.5.10\streambuffer-1.5.10.jar;C:\Users\hao.s\.m2\repository\org\jvnet\mimepull\mimepull\1.9.15\mimepull-1.9.15.jar;C:\Users\hao.s\.m2\repository\com\sun\xml\fastinfoset\FastInfoset\1.2.18\FastInfoset-1.2.18.jar;C:\Users\hao.s\.m2\repository\com\sun\activation\jakarta.activation\1.2.2\jakarta.activation-1.2.2.jar;C:\Users\hao.s\.m2\repository\com\sun\mail\jakarta.mail\1.6.7\jakarta.mail-1.6.7.jar;C:\Users\hao.s\.m2\repository\com\sun\xml\messaging\saaj\saaj-impl\1.5.3\saaj-impl-1.5.3.jar;C:\Users\hao.s\.m2\repository\jakarta\jws\jakarta.jws-api\2.1.0\jakarta.jws-api-2.1.0.jar;C:\Users\hao.s\.m2\repository\jakarta\annotation\jakarta.annotation-api\1.3.5\jakarta.annotation-api-1.3.5.jar;C:\Users\hao.s\.m2\repository\com\fasterxml\woodstox\woodstox-core\6.2.8\woodstox-core-6.2.8.jar;C:\Users\hao.s\.m2\repository\org\codehaus\woodstox\stax2-api\4.2.1\stax2-api-4.2.1.jar;C:\Users\hao.s\.m2\repository\org\eclipse\persistence\org.eclipse.persistence.moxy\2.7.10\org.eclipse.persistence.moxy-2.7.10.jar;C:\Users\hao.s\.m2\repository\org\eclipse\persistence\org.eclipse.persistence.sdo\2.7.10\org.eclipse.persistence.sdo-2.7.10.jar;C:\Users\hao.s\.m2\repository\org\eclipse\persistence\commonj.sdo\2.1.1\commonj.sdo-2.1.1.jar;C:\Users\hao.s\.m2\repository\com\sun\xml\bind\jaxb-impl\2.3.6\jaxb-impl-2.3.6.jar;C:\Users\hao.s\.m2\repository\jakarta\platform\jakarta.jakartaee-api\8.0.0\jakarta.jakartaee-api-8.0.0.jar;C:\Users\hao.s\.m2\repository\com\google\code\findbugs\jsr305\3.0.2\jsr305-3.0.2.jar;C:\Users\hao.s\.m2\repository\org\apache\isis\core\isis-schema\2.0.0-M7\isis-schema-2.0.0-M7.jar;C:\Users\hao.s\.m2\repository\org\springframework\spring-context\5.3.16\spring-context-5.3.16.jar;C:\Users\hao.s\.m2\repository\org\springframework\spring-aop\5.3.16\spring-aop-5.3.16.jar;C:\Users\hao.s\.m2\repository\org\springframework\spring-beans\5.3.16\spring-beans-5.3.16.jar;C:\Users\hao.s\.m2\repository\org\springframework\spring-expression\5.3.16\spring-expression-5.3.16.jar;C:\Users\hao.s\.m2\repository\joda-time\joda-time\2.10.13\joda-time-2.10.13.jar;C:\Users\hao.s\.m2\repository\org\apache\isis\persistence\isis-persistence-jpa-eclipselink\2.0.0-M7\isis-persistence-jpa-eclipselink-2.0.0-M7.jar;C:\Users\hao.s\.m2\repository\org\apache\isis\persistence\isis-persistence-jpa-integration\2.0.0-M7\isis-persistence-jpa-integration-2.0.0-M7.jar;C:\Users\hao.s\.m2\repository\org\apache\isis\persistence\isis-persistence-jpa-metamodel\2.0.0-M7\isis-persistence-jpa-metamodel-2.0.0-M7.jar;C:\Users\hao.s\.m2\repository\org\apache\isis\persistence\isis-persistence-jpa-applib\2.0.0-M7\isis-persistence-jpa-applib-2.0.0-M7.jar;C:\Users\hao.s\.m2\repository\org\apache\isis\core\isis-core-runtime\2.0.0-M7\isis-core-runtime-2.0.0-M7.jar;C:\Users\hao.s\.m2\repository\org\apache\isis\core\isis-core-metamodel\2.0.0-M7\isis-core-metamodel-2.0.0-M7.jar;C:\Users\hao.s\.m2\repository\org\apache\isis\core\isis-core-config\2.0.0-M7\isis-core-config-2.0.0-M7.jar;C:\Users\hao.s\.m2\repository\org\hibernate\validator\hibernate-validator\6.2.2.Final\hibernate-validator-6.2.2.Final.jar;C:\Users\hao.s\.m2\repository\jakarta\validation\jakarta.validation-api\2.0.2\jakarta.validation-api-2.0.2.jar;C:\Users\hao.s\.m2\repository\org\jboss\logging\jboss-logging\3.4.3.Final\jboss-logging-3.4.3.Final.jar;C:\Users\hao.s\.m2\repository\com\fasterxml\classmate\1.5.1\classmate-1.5.1.jar;C:\Users\hao.s\.m2\repository\org\apache\isis\core\isis-core-security\2.0.0-M7\isis-core-security-2.0.0-M7.jar;C:\Users\hao.s\.m2\repository\io\swagger\swagger-core\1.6.5\swagger-core-1.6.5.jar;C:\Users\hao.s\.m2\repository\com\fasterxml\jackson\dataformat\jackson-dataformat-yaml\2.13.1\jackson-dataformat-yaml-2.13.1.jar;C:\Users\hao.s\.m2\repository\io\swagger\swagger-models\1.6.5\swagger-models-1.6.5.jar;C:\Users\hao.s\.m2\repository\io\swagger\swagger-annotations\1.6.5\swagger-annotations-1.6.5.jar;C:\Users\hao.s\.m2\repository\org\apache\isis\core\isis-core-transaction\2.0.0-M7\isis-core-transaction-2.0.0-M7.jar;C:\Users\hao.s\.m2\repository\org\apache\isis\core\isis-core-interaction\2.0.0-M7\isis-core-interaction-2.0.0-M7.jar;C:\Users\hao.s\.m2\repository\org\apache\isis\valuetypes\isis-valuetypes-jodatime-integration\2.0.0-M7\isis-valuetypes-jodatime-integration-2.0.0-M7.jar;C:\Users\hao.s\.m2\repository\org\apache\isis\valuetypes\isis-valuetypes-jodatime-applib\2.0.0-M7\isis-valuetypes-jodatime-applib-2.0.0-M7.jar;C:\Users\hao.s\.m2\repository\org\apache\commons\commons-email\1.5\commons-email-1.5.jar;C:\Users\hao.s\.m2\repository\org\springframework\data\spring-data-jpa\2.6.2\spring-data-jpa-2.6.2.jar;C:\Users\hao.s\.m2\repository\org\springframework\data\spring-data-commons\2.6.2\spring-data-commons-2.6.2.jar;C:\Users\hao.s\.m2\repository\org\springframework\spring-orm\5.3.16\spring-orm-5.3.16.jar;C:\Users\hao.s\.m2\repository\org\eclipse\persistence\org.eclipse.persistence.jpa\2.7.10\org.eclipse.persistence.jpa-2.7.10.jar;C:\Users\hao.s\.m2\repository\org\eclipse\persistence\jakarta.persistence\2.2.3\jakarta.persistence-2.2.3.jar;C:\Users\hao.s\.m2\repository\org\eclipse\persistence\org.eclipse.persistence.asm\9.2.0\org.eclipse.persistence.asm-9.2.0.jar;C:\Users\hao.s\.m2\repository\org\eclipse\persistence\org.eclipse.persistence.antlr\2.7.10\org.eclipse.persistence.antlr-2.7.10.jar;C:\Users\hao.s\.m2\repository\org\eclipse\persistence\org.eclipse.persistence.jpa.jpql\2.7.10\org.eclipse.persistence.jpa.jpql-2.7.10.jar;C:\Users\hao.s\.m2\repository\org\eclipse\persistence\org.eclipse.persistence.core\2.7.10\org.eclipse.persistence.core-2.7.10.jar;C:\Users\hao.s\.m2\repository\org\springframework\boot\spring-boot-starter-data-jpa\2.6.4\spring-boot-starter-data-jpa-2.6.4.jar;C:\Users\hao.s\.m2\repository\org\springframework\boot\spring-boot-starter-aop\2.6.4\spring-boot-starter-aop-2.6.4.jar;C:\Users\hao.s\.m2\repository\org\aspectj\aspectjweaver\1.9.7\aspectjweaver-1.9.7.jar;C:\Users\hao.s\.m2\repository\org\springframework\boot\spring-boot-starter-jdbc\2.6.4\spring-boot-starter-jdbc-2.6.4.jar;C:\Users\hao.s\.m2\repository\com\zaxxer\HikariCP\4.0.3\HikariCP-4.0.3.jar;C:\Users\hao.s\.m2\repository\org\springframework\spring-jdbc\5.3.16\spring-jdbc-5.3.16.jar;C:\Users\hao.s\.m2\repository\jakarta\transaction\jakarta.transaction-api\1.3.3\jakarta.transaction-api-1.3.3.jar;C:\Users\hao.s\.m2\repository\jakarta\persistence\jakarta.persistence-api\2.2.3\jakarta.persistence-api-2.2.3.jar;C:\Users\hao.s\.m2\repository\org\springframework\spring-aspects\5.3.16\spring-aspects-5.3.16.jar;C:\Users\hao.s\.m2\repository\org\apache\isis\testing\isis-testing-fixtures-applib\2.0.0-M7\isis-testing-fixtures-applib-2.0.0-M7.jar;C:\Users\hao.s\.m2\repository\org\apache\isis\subdomains\isis-subdomains-spring-applib\2.0.0-M7\isis-subdomains-spring-applib-2.0.0-M7.jar;C:\Users\hao.s\.m2\repository\org\apache\isis\testing\isis-testing-unittestsupport-applib\2.0.0-M7\isis-testing-unittestsupport-applib-2.0.0-M7.jar;C:\Users\hao.s\.m2\repository\org\springframework\boot\spring-boot-starter-test\2.6.4\spring-boot-starter-test-2.6.4.jar;C:\Users\hao.s\.m2\repository\org\springframework\boot\spring-boot-starter\2.6.4\spring-boot-starter-2.6.4.jar;C:\Users\hao.s\.m2\repository\org\springframework\boot\spring-boot\2.6.4\spring-boot-2.6.4.jar;C:\Users\hao.s\.m2\repository\org\springframework\boot\spring-boot-autoconfigure\2.6.4\spring-boot-autoconfigure-2.6.4.jar;C:\Users\hao.s\.m2\repository\org\springframework\boot\spring-boot-test\2.6.4\spring-boot-test-2.6.4.jar;C:\Users\hao.s\.m2\repository\org\springframework\boot\spring-boot-test-autoconfigure\2.6.4\spring-boot-test-autoconfigure-2.6.4.jar;C:\Users\hao.s\.m2\repository\com\jayway\jsonpath\json-path\2.6.0\json-path-2.6.0.jar;C:\Users\hao.s\.m2\repository\net\minidev\json-smart\2.4.8\json-smart-2.4.8.jar;C:\Users\hao.s\.m2\repository\net\minidev\accessors-smart\2.4.8\accessors-smart-2.4.8.jar;C:\Users\hao.s\.m2\repository\jakarta\xml\bind\jakarta.xml.bind-api\2.3.3\jakarta.xml.bind-api-2.3.3.jar;C:\Users\hao.s\.m2\repository\jakarta\activation\jakarta.activation-api\1.2.2\jakarta.activation-api-1.2.2.jar;C:\Users\hao.s\.m2\repository\org\assertj\assertj-core\3.21.0\assertj-core-3.21.0.jar;C:\Users\hao.s\.m2\repository\org\hamcrest\hamcrest\2.2\hamcrest-2.2.jar;C:\Users\hao.s\.m2\repository\org\junit\jupiter\junit-jupiter\5.8.2\junit-jupiter-5.8.2.jar;C:\Users\hao.s\.m2\repository\org\junit\jupiter\junit-jupiter-api\5.8.2\junit-jupiter-api-5.8.2.jar;C:\Users\hao.s\.m2\repository\org\opentest4j\opentest4j\1.2.0\opentest4j-1.2.0.jar;C:\Users\hao.s\.m2\repository\org\junit\platform\junit-platform-commons\1.8.2\junit-platform-commons-1.8.2.jar;C:\Users\hao.s\.m2\repository\org\apiguardian\apiguardian-api\1.1.2\apiguardian-api-1.1.2.jar;C:\Users\hao.s\.m2\repository\org\junit\jupiter\junit-jupiter-params\5.8.2\junit-jupiter-params-5.8.2.jar;C:\Users\hao.s\.m2\repository\org\junit\jupiter\junit-jupiter-engine\5.8.2\junit-jupiter-engine-5.8.2.jar;C:\Users\hao.s\.m2\repository\org\junit\platform\junit-platform-engine\1.8.2\junit-platform-engine-1.8.2.jar;C:\Users\hao.s\.m2\repository\org\mockito\mockito-core\4.0.0\mockito-core-4.0.0.jar;C:\Users\hao.s\.m2\repository\net\bytebuddy\byte-buddy-agent\1.11.22\byte-buddy-agent-1.11.22.jar;C:\Users\hao.s\.m2\repository\org\mockito\mockito-junit-jupiter\4.0.0\mockito-junit-jupiter-4.0.0.jar;C:\Users\hao.s\.m2\repository\org\skyscreamer\jsonassert\1.5.0\jsonassert-1.5.0.jar;C:\Users\hao.s\.m2\repository\com\vaadin\external\google\android-json\0.0.20131108.vaadin1\android-json-0.0.20131108.vaadin1.jar;C:\Users\hao.s\.m2\repository\org\xmlunit\xmlunit-core\2.8.4\xmlunit-core-2.8.4.jar;C:\Users\hao.s\.m2\repository\org\springframework\spring-test\5.3.16\spring-test-5.3.16.jar;C:\Users\hao.s\.m2\repository\org\springframework\spring-core\5.3.16\spring-core-5.3.16.jar;C:\Users\hao.s\.m2\repository\org\springframework\spring-jcl\5.3.16\spring-jcl-5.3.16.jar;C:\Users\hao.s\.m2\repository\org\jmock\jmock\2.12.0\jmock-2.12.0.jar;C:\Users\hao.s\.m2\repository\org\jmock\jmock-testjar\2.12.0\jmock-testjar-2.12.0.jar;C:\Users\hao.s\.m2\repository\com\google\code\findbugs\annotations\3.0.1\annotations-3.0.1.jar;C:\Users\hao.s\.m2\repository\net\jcip\jcip-annotations\1.0\jcip-annotations-1.0.jar;C:\Users\hao.s\.m2\repository\org\apache-extras\beanshell\bsh\2.0b6\bsh-2.0b6.jar;C:\Users\hao.s\.m2\repository\com\approvaltests\approvaltests\13.4.0\approvaltests-13.4.0.jar;C:\Users\hao.s\.m2\repository\com\approvaltests\approvaltests-util\13.4.0\approvaltests-util-13.4.0.jar;C:\Users\hao.s\.m2\repository\org\apache\isis\core\isis-core-codegen-bytebuddy\2.0.0-M7\isis-core-codegen-bytebuddy-2.0.0-M7.jar;C:\Users\hao.s\.m2\repository\net\bytebuddy\byte-buddy\1.11.22\byte-buddy-1.11.22.jar;C:\Users\hao.s\.m2\repository\org\objenesis\objenesis\3.2\objenesis-3.2.jar;C:\Users\hao.s\.m2\repository\org\picocontainer\picocontainer\2.15\picocontainer-2.15.jar;C:\Users\hao.s\.m2\repository\org\slf4j\slf4j-api\1.7.36\slf4j-api-1.7.36.jar;C:\Users\hao.s\.m2\repository\org\apache\isis\testing\isis-testing-fakedata-applib\2.0.0-M7\isis-testing-fakedata-applib-2.0.0-M7.jar;C:\Users\hao.s\.m2\repository\org\apache\isis\commons\isis-commons\2.0.0-M7\isis-commons-2.0.0-M7.jar;C:\Users\hao.s\.m2\repository\com\fasterxml\jackson\core\jackson-databind\2.13.1\jackson-databind-2.13.1.jar;C:\Users\hao.s\.m2\repository\com\fasterxml\jackson\core\jackson-annotations\2.13.1\jackson-annotations-2.13.1.jar;C:\Users\hao.s\.m2\repository\com\fasterxml\jackson\core\jackson-core\2.13.1\jackson-core-2.13.1.jar;C:\Users\hao.s\.m2\repository\com\fasterxml\jackson\module\jackson-module-jaxb-annotations\2.13.1\jackson-module-jaxb-annotations-2.13.1.jar;C:\Users\hao.s\.m2\repository\org\yaml\snakeyaml\1.29\snakeyaml-1.29.jar;C:\Users\hao.s\.m2\repository\org\springframework\spring-tx\5.3.16\spring-tx-5.3.16.jar;C:\Users\hao.s\.m2\repository\org\springframework\boot\spring-boot-starter-log4j2\2.6.4\spring-boot-starter-log4j2-2.6.4.jar;C:\Users\hao.s\.m2\repository\org\apache\logging\log4j\log4j-slf4j-impl\2.17.1\log4j-slf4j-impl-2.17.1.jar;C:\Users\hao.s\.m2\repository\org\apache\logging\log4j\log4j-api\2.17.1\log4j-api-2.17.1.jar;C:\Users\hao.s\.m2\repository\org\apache\logging\log4j\log4j-core\2.17.1\log4j-core-2.17.1.jar;C:\Users\hao.s\.m2\repository\org\apache\logging\log4j\log4j-jul\2.17.1\log4j-jul-2.17.1.jar;C:\Users\hao.s\.m2\repository\org\slf4j\jul-to-slf4j\1.7.36\jul-to-slf4j-1.7.36.jar;C:\Users\hao.s\.m2\repository\com\github\javafaker\javafaker\1.0.2\javafaker-1.0.2.jar;C:\Users\hao.s\.m2\repository\org\apache\commons\commons-lang3\3.12.0\commons-lang3-3.12.0.jar;C:\Users\hao.s\.m2\repository\com\github\mifmif\generex\1.0.2\generex-1.0.2.jar;C:\Users\hao.s\.m2\repository\dk\brics\automaton\automaton\1.11-8\automaton-1.11-8.jar;C:\Users\hao.s\.m2\repository\org\apache\isis\testing\isis-testing-integtestsupport-applib\2.0.0-M7\isis-testing-integtestsupport-applib-2.0.0-M7.jar;C:\Users\hao.s\.m2\repository\org\hamcrest\hamcrest-library\2.2\hamcrest-library-2.2.jar;C:\Users\hao.s\.m2\repository\org\hamcrest\hamcrest-core\2.2\hamcrest-core-2.2.jar;C:\Users\hao.s\.m2\repository\org\apache\isis\security\isis-security-bypass\2.0.0-M7\isis-security-bypass-2.0.0-M7.jar;C:\Users\hao.s\.m2\repository\org\apache\isis\core\isis-core-runtimeservices\2.0.0-M7\isis-core-runtimeservices-2.0.0-M7.jar;C:\Users\hao.s\.m2\repository\org\hsqldb\hsqldb\2.5.2\hsqldb-2.5.2.jar;C:\Users\hao.s\.m2\repository\com\h2database\h2\1.4.200\h2-1.4.200.jar;C:\Users\hao.s\.m2\repository\org\projectlombok\lombok\1.18.22\lombok-1.18.22.jar;"/>
    <property name="sun.cpu.endian" value="little"/>
    <property name="user.home" value="C:\Users\hao.s"/>
    <property name="user.language" value="en"/>
    <property name="java.specification.vendor" value="Oracle Corporation"/>
    <property name="java.version.date" value="2021-10-19"/>
    <property name="java.home" value="C:\Users\hao.s\.jdks\azul-11.0.13"/>
    <property name="file.separator" value="\"/>
    <property name="basedir" value="C:\Users\hao.s\Documents\localcoin\apache-isis\isis-app-simpleapp-jpa-m7\module-simple-tests"/>
    <property name="java.vm.compressedOopsMode" value="Zero based"/>
    <property name="line.separator" value="&#10;"/>
    <property name="java.specification.name" value="Java Platform API Specification"/>
    <property name="java.vm.specification.vendor" value="Oracle Corporation"/>
    <property name="jdk.vendor.version" value="Zulu11.52+13-CA"/>
    <property name="java.awt.graphicsenv" value="sun.awt.Win32GraphicsEnvironment"/>
    <property name="surefire.real.class.path" value="C:\Users\hao.s\AppData\Local\Temp\surefire12341901367810440187\surefirebooter5608338808845316810.jar"/>
    <property name="user.script" value=""/>
    <property name="sun.management.compiler" value="HotSpot 64-Bit Tiered Compilers"/>
    <property name="java.runtime.version" value="11.0.13+8-LTS"/>
    <property name="user.name" value="hao.s"/>
    <property name="path.separator" value=";"/>
    <property name="os.version" value="10.0"/>
    <property name="java.runtime.name" value="OpenJDK Runtime Environment"/>
    <property name="file.encoding" value="Cp1252"/>
    <property name="java.vm.name" value="OpenJDK 64-Bit Server VM"/>
    <property name="java.vendor.version" value="Zulu11.52+13-CA"/>
    <property name="localRepository" value="C:\Users\hao.s\.m2\repository"/>
    <property name="java.vendor.url.bug" value="http://www.azul.com/support/"/>
    <property name="java.io.tmpdir" value="C:\Users\hao.s\AppData\Local\Temp\"/>
    <property name="java.version" value="11.0.13"/>
    <property name="user.dir" value="C:\Users\hao.s\Documents\localcoin\apache-isis\isis-app-simpleapp-jpa-m7\module-simple-tests"/>
    <property name="os.arch" value="amd64"/>
    <property name="java.vm.specification.name" value="Java Virtual Machine Specification"/>
    <property name="java.awt.printerjob" value="sun.awt.windows.WPrinterJob"/>
    <property name="sun.os.patch.level" value=""/>
    <property name="java.library.path" value="C:\Users\hao.s\.jdks\azul-11.0.13\bin;C:\Windows\Sun\Java\bin;C:\Windows\system32;C:\Windows;C:\Program Files\Zulu\zulu-8\bin\;C:\Windows\system32;C:\Windows;C:\Windows\System32\Wbem;C:\Windows\System32\WindowsPowerShell\v1.0\;C:\Windows\System32\OpenSSH\;C:\Program Files\PuTTY\;C:\Program Files\nodejs\;C:\Program Files\Amazon\AWSCLIV2\;C:\Program Files\Docker\Docker\resources\bin;C:\ProgramData\DockerDesktop\version-bin;C:\Users\hao.s\AppData\Local\Microsoft\WindowsApps;C:\Users\hao.s\AppData\Local\Programs\Git\cmd;C:\Users\hao.s\AppData\Local\Programs\Microsoft VS Code\bin;C:\Users\hao.s\AppData\Roaming\npm;C:\Users\hao.s\Documents\localcoin\apache-maven-3.8.4-bin\apache-maven-3.8.4\bin;;."/>
    <property name="java.vm.info" value="mixed mode"/>
    <property name="java.vendor" value="Azul Systems, Inc."/>
    <property name="java.vm.version" value="11.0.13+8-LTS"/>
    <property name="sun.io.unicode.encoding" value="UnicodeLittle"/>
    <property name="java.class.version" value="55.0"/>
  </properties>
  <testcase name="fails_validation" classname="domainapp.modules.simple.integtests.tests.SimpleObject_IntegTest$updateName" time="0.064"/>
  <testcase name="can_be_updated_directly" classname="domainapp.modules.simple.integtests.tests.SimpleObject_IntegTest$updateName" time="0.069"/>
</testsuite>